

********************************************************************************
                                   UNIT TESTS
********************************************************************************

GRADER: Running grader unit test runner version 1.4.52 on project app.
GRADER: Validating required unit test grading components ...
GRADER: Grader unit test components passed all validation tests.
GRADER: Validating integrity of unit test JAR ...
GRADER: Unit test JAR validated.
GRADER: Running 25 test class(es)
GRADER: Android MOCKABLE JAR found: file collection.
GRADER: Starting unit test RUNNER component with parameters:
GRADER: 
GRADER: main: edu.vanderbilt.grader.junit.JUnitRunner
GRADER: args:
GRADER:         D:\Users\Douglas Schmidt\Dropbox\POSA\CS891\Assignment4\AUTOGRADER_SUBMISSION\staging\unit-test-results
GRADER:         edu.vandy.simulator.managers.beings.asyncTask.AsyncBeingTest
GRADER:         edu.vandy.simulator.managers.beings.asyncTask.AsyncTaskMgrTest
GRADER:         edu.vandy.simulator.managers.beings.executorService.BeingCallableTest
GRADER:         edu.vandy.simulator.managers.beings.executorService.ExecutorServiceMgrTest
GRADER:         edu.vandy.simulator.managers.beings.runnableThreads.BeingRunnableTest
GRADER:         edu.vandy.simulator.managers.beings.runnableThreads.RunnableThreadsMgrTest
GRADER:         edu.vandy.simulator.managers.palantiri.concurrentMapFairSemaphore.FairnessChecker
GRADER:         edu.vandy.simulator.managers.palantiri.concurrentMapFairSemaphore.FairSemaphoreCOTest
GRADER:         edu.vandy.simulator.managers.palantiri.concurrentMapFairSemaphore.FairSemaphoreMOTest
GRADER:         edu.vandy.simulator.managers.palantiri.concurrentMapFairSemaphore.FairSemaphoreWhiteBoxCOTest
GRADER:         edu.vandy.simulator.managers.palantiri.concurrentMapFairSemaphore.FairSemaphoreWhiteBoxMOTest
GRADER:         edu.vandy.simulator.managers.palantiri.concurrentMapFairSemaphore.Helpers
GRADER:         edu.vandy.simulator.managers.palantiri.reentrantLockHashMapSimpleSemaphore.Helpers
GRADER:         edu.vandy.simulator.managers.palantiri.reentrantLockHashMapSimpleSemaphore.ReentrantLockHashMapSimpleSemaphoreMgrTest
GRADER:         edu.vandy.simulator.managers.palantiri.reentrantLockHashMapSimpleSemaphore.SimpleSemaphoreTest
GRADER:         edu.vandy.simulator.managers.palantiri.spinLockHashMap.ReentrantSpinLockTest
GRADER:         edu.vandy.simulator.managers.palantiri.spinLockHashMap.SpinLockHashMapMgrTest
GRADER:         edu.vandy.simulator.managers.palantiri.spinLockHashMap.SpinLockTest
GRADER:         edu.vandy.simulator.managers.palantiri.stampedLockSimpleSemaphore.Helpers
GRADER:         edu.vandy.simulator.managers.palantiri.stampedLockSimpleSemaphore.SimpleSemaphoreTest
GRADER:         edu.vandy.simulator.managers.palantiri.stampedLockSimpleSemaphore.StampedLockSimpleSemaphoreMgrTest
GRADER:         edu.vandy.simulator.ReflectionHelper
GRADER:         edu.vandy.simulator.TestHelper
GRADER:         edu.vandy.simulator.UnitTest1A
GRADER:         edu.vandy.simulator.UnitTest2A
GRADER: 
GRADER: JunitRunner created for UNIT tests ...
GRADER: Test run started.
GRADER: Test testAsyncTaskOnPreExecute(edu.vandy.simulator.managers.beings.asyncTask.AsyncBeingTest) PASSED.
GRADER: Test testAsyncTaskDoInBackgroundWithError(edu.vandy.simulator.managers.beings.asyncTask.AsyncBeingTest) PASSED.
GRADER: Test testExecuteOnExecutorMethod(edu.vandy.simulator.managers.beings.asyncTask.AsyncBeingTest) PASSED.
GRADER: Test testAsyncTaskDoInBackground(edu.vandy.simulator.managers.beings.asyncTask.AsyncBeingTest) PASSED.
GRADER: Test testBeingRunGazingSimulationMethodErrorHandling(edu.vandy.simulator.managers.beings.asyncTask.AsyncBeingTest) PASSED.
GRADER: Test testAsyncTaskOnPostExecute(edu.vandy.simulator.managers.beings.asyncTask.AsyncBeingTest) PASSED.
GRADER: Test testBeingAcquirePalantirAndGazeMethod(edu.vandy.simulator.managers.beings.asyncTask.AsyncBeingTest) PASSED.
GRADER: Test testBeginAsyncTasksGazing(edu.vandy.simulator.managers.beings.asyncTask.AsyncTaskMgrTest) PASSED.
GRADER: Test testThreadFactory(edu.vandy.simulator.managers.beings.asyncTask.AsyncTaskMgrTest) PASSED.
GRADER: Test testShutdownNow(edu.vandy.simulator.managers.beings.asyncTask.AsyncTaskMgrTest) PASSED.
GRADER: Test testRunSimulation(edu.vandy.simulator.managers.beings.asyncTask.AsyncTaskMgrTest) PASSED.
GRADER: Test testNewBeing(edu.vandy.simulator.managers.beings.asyncTask.AsyncTaskMgrTest) PASSED.
GRADER: Test call(edu.vandy.simulator.managers.beings.executorService.BeingCallableTest) PASSED.
GRADER: Test testBeingRunGazingSimulationMethodErrorHandling(edu.vandy.simulator.managers.beings.executorService.BeingCallableTest) PASSED.
GRADER: Test testBeingAcquirePalantirAndGazeMethod(edu.vandy.simulator.managers.beings.executorService.BeingCallableTest) PASSED.
GRADER: Test testBeginBeingThreadPool(edu.vandy.simulator.managers.beings.executorService.ExecutorServiceMgrTest) PASSED.
GRADER: Test testShutdownNow(edu.vandy.simulator.managers.beings.executorService.ExecutorServiceMgrTest) PASSED.
GRADER: Test testRunSimulation(edu.vandy.simulator.managers.beings.executorService.ExecutorServiceMgrTest) PASSED.
GRADER: Test testAwaitCompletionOfFutures(edu.vandy.simulator.managers.beings.executorService.ExecutorServiceMgrTest) PASSED.
GRADER: Test testNewBeing(edu.vandy.simulator.managers.beings.executorService.ExecutorServiceMgrTest) PASSED.
GRADER: Test testBeingRunGazingSimulationMethodErrorHandling(edu.vandy.simulator.managers.beings.runnableThreads.BeingRunnableTest) PASSED.
GRADER: Test testBeingAcquirePalantirAndGazeMethod(edu.vandy.simulator.managers.beings.runnableThreads.BeingRunnableTest) PASSED.
GRADER: Test testCreateAndStartWaiterForBeingThreadsMethod(edu.vandy.simulator.managers.beings.runnableThreads.RunnableThreadsMgrTest) PASSED.
GRADER: Test runSimulationTest(edu.vandy.simulator.managers.beings.runnableThreads.RunnableThreadsMgrTest) PASSED.
GRADER: Test beginBeingThreadsTest(edu.vandy.simulator.managers.beings.runnableThreads.RunnableThreadsMgrTest) PASSED.
GRADER: Test makeBeingsTest(edu.vandy.simulator.managers.beings.runnableThreads.RunnableThreadsMgrTest) PASSED.
GRADER: Test newBeingTest(edu.vandy.simulator.managers.beings.runnableThreads.RunnableThreadsMgrTest) PASSED.
Adding thread 50 to the end of the following fairness queue: 
Adding thread 51 to the end of the following fairness queue: 
50, 
Adding thread 52 to the end of the following fairness queue: 
50, 51, 
Adding thread 53 to the end of the following fairness queue: 
50, 51, 52, 
Adding thread 50 to the end of the following fairness queue: 
51, 52, 53, 
Adding thread 51 to the end of the following fairness queue: 
52, 53, 50, 
Adding thread 52 to the end of the following fairness queue: 
53, 50, 51, 
Adding thread 53 to the end of the following fairness queue: 
50, 51, 52, 
Adding thread 50 to the end of the following fairness queue: 
51, 52, 53, 
Adding thread 51 to the end of the following fairness queue: 
52, 53, 50, 
Adding thread 52 to the end of the following fairness queue: 
53, 50, 51, 
Adding thread 53 to the end of the following fairness queue: 
50, 51, 52, 
FairSemaphore: In waitForPermit(), where thread 50 got a InterruptedException
In testFairnessWithInterrupts(), where thread 53 got an InterruptedException
FairSemaphore: In waitForPermit(), where thread 52 got a InterruptedException
FairSemaphore: In waitForPermit(), where thread 51 got a InterruptedException
In testFairnessWithInterrupts(), where thread 52 got an InterruptedException
In testFairnessWithInterrupts(), where thread 50 got an InterruptedException
In testFairnessWithInterrupts(), where thread 51 got an InterruptedException
GRADER: Test testFairnessWithInterrupts(edu.vandy.simulator.managers.palantiri.concurrentMapFairSemaphore.FairSemaphoreCOTest) PASSED.
GRADER: Test testAcquire(edu.vandy.simulator.managers.palantiri.concurrentMapFairSemaphore.FairSemaphoreCOTest) PASSED.
GRADER: Test testAcquireUninterruptibly(edu.vandy.simulator.managers.palantiri.concurrentMapFairSemaphore.FairSemaphoreCOTest) PASSED.
thread 427: client disconnection detected, canceling the build
The daemon will cancel the build.
GRADER: Test testNegativePermits(edu.vandy.simulator.managers.palantiri.concurrentMapFairSemaphore.FairSemaphoreCOTest) PASSED.
FairSemaphore: In waitForPermit(), where thread 54 got a InterruptedException
GRADER: Test testAvailablePermits(edu.vandy.simulator.managers.palantiri.concurrentMapFairSemaphore.FairSemaphoreCOTest) PASSED.
GRADER: Test testRelease(edu.vandy.simulator.managers.palantiri.concurrentMapFairSemaphore.FairSemaphoreCOTest) PASSED.
Adding thread 55 to the end of the following fairness queue: 
Adding thread 56 to the end of the following fairness queue: 
55, 
Adding thread 57 to the end of the following fairness queue: 
55, 56, 
Adding thread 58 to the end of the following fairness queue: 
55, 56, 57, 
Adding thread 55 to the end of the following fairness queue: 
56, 57, 58, 
Adding thread 56 to the end of the following fairness queue: 
57, 58, 55, 
Adding thread 57 to the end of the following fairness queue: 
58, 55, 56, 
Adding thread 58 to the end of the following fairness queue: 
55, 56, 57, 
Adding thread 55 to the end of the following fairness queue: 
56, 57, 58, 
Adding thread 56 to the end of the following fairness queue: 
57, 58, 55, 
Adding thread 57 to the end of the following fairness queue: 
58, 55, 56, 
Adding thread 58 to the end of the following fairness queue: 
55, 56, 57, 
Adding thread 55 to the end of the following fairness queue: 
56, 57, 58, 
Adding thread 56 to the end of the following fairness queue: 
57, 58, 55, 
Adding thread 57 to the end of the following fairness queue: 
58, 55, 56, 
Adding thread 58 to the end of the following fairness queue: 
55, 56, 57, 
GRADER: Test testFairness(edu.vandy.simulator.managers.palantiri.concurrentMapFairSemaphore.FairSemaphoreCOTest) PASSED.
GRADER: Test testConcurrentAccess(edu.vandy.simulator.managers.palantiri.concurrentMapFairSemaphore.FairSemaphoreCOTest) PASSED.
GRADER: Test testFairSemaphore(edu.vandy.simulator.managers.palantiri.concurrentMapFairSemaphore.FairSemaphoreCOTest) PASSED.
Adding thread 64 to the end of the following fairness queue: 
Adding thread 65 to the end of the following fairness queue: 
64, 
Adding thread 66 to the end of the following fairness queue: 
64, 65, 
Adding thread 67 to the end of the following fairness queue: 
64, 65, 66, 
Adding thread 64 to the end of the following fairness queue: 
65, 66, 67, 
Adding thread 65 to the end of the following fairness queue: 
66, 67, 64, 
Adding thread 66 to the end of the following fairness queue: 
67, 64, 65, 
Adding thread 67 to the end of the following fairness queue: 
64, 65, 66, 
Adding thread 64 to the end of the following fairness queue: 
65, 66, 67, 
Adding thread 65 to the end of the following fairness queue: 
66, 67, 64, 
Adding thread 66 to the end of the following fairness queue: 
67, 64, 65, 
Adding thread 67 to the end of the following fairness queue: 
64, 65, 66, 
FairSemaphoreMO: In waitForPermit(), where thread 64 got a InterruptedException
In testFairnessWithInterrupts(), where thread 67 got an InterruptedException
FairSemaphoreMO: In waitForPermit(), where thread 66 got a InterruptedException
FairSemaphoreMO: In waitForPermit(), where thread 65 got a InterruptedException
In testFairnessWithInterrupts(), where thread 66 got an InterruptedException
In testFairnessWithInterrupts(), where thread 64 got an InterruptedException
In testFairnessWithInterrupts(), where thread 65 got an InterruptedException
GRADER: Test testFairnessWithInterrupts(edu.vandy.simulator.managers.palantiri.concurrentMapFairSemaphore.FairSemaphoreMOTest) PASSED.
GRADER: Test testAcquire(edu.vandy.simulator.managers.palantiri.concurrentMapFairSemaphore.FairSemaphoreMOTest) PASSED.
GRADER: Test testAcquireUninterruptibly(edu.vandy.simulator.managers.palantiri.concurrentMapFairSemaphore.FairSemaphoreMOTest) PASSED.
Unable to execute command Build{id=9a7db1b8-83a8-41f6-8afd-01f3f69ed74e.1, currentDir=D:\Users\Douglas Schmidt\Dropbox\POSA\cs891\Assignment4} from socket connection from /127.0.0.1:52662 to /127.0.0.1:54961. Dispatching the failure to the daemon client
org.gradle.internal.remote.internal.MessageIOException: Could not write message Failure[value=org.gradle.launcher.daemon.server.api.DaemonStoppedException: Gradle build daemon has been stopped: cancel requested but timed out] to '/127.0.0.1:54961'.
	at org.gradle.internal.remote.internal.inet.SocketConnection.dispatch(SocketConnection.java:124)
	at org.gradle.launcher.daemon.server.SynchronizedDispatchConnection.dispatch(SynchronizedDispatchConnection.java:51)
	at org.gradle.launcher.daemon.server.DefaultDaemonConnection.completed(DefaultDaemonConnection.java:135)
	at org.gradle.launcher.daemon.server.exec.StartBuildOrRespondWithBusy.doBuild(StartBuildOrRespondWithBusy.java:59)
	at org.gradle.launcher.daemon.server.exec.BuildCommandOnly.execute(BuildCommandOnly.java:36)
	at org.gradle.launcher.daemon.server.api.DaemonCommandExecution.proceed(DaemonCommandExecution.java:122)
	at org.gradle.launcher.daemon.server.exec.ReturnResult.execute(ReturnResult.java:36)
	at org.gradle.launcher.daemon.server.api.DaemonCommandExecution.proceed(DaemonCommandExecution.java:122)
	at org.gradle.launcher.daemon.server.api.HandleReportStatus.execute(HandleReportStatus.java:33)
	at org.gradle.launcher.daemon.server.api.DaemonCommandExecution.proceed(DaemonCommandExecution.java:122)
	at org.gradle.launcher.daemon.server.exec.HandleCancel.execute(HandleCancel.java:37)
	at org.gradle.launcher.daemon.server.api.DaemonCommandExecution.proceed(DaemonCommandExecution.java:122)
	at org.gradle.launcher.daemon.server.api.HandleStop.execute(HandleStop.java:45)
	at org.gradle.launcher.daemon.server.api.DaemonCommandExecution.proceed(DaemonCommandExecution.java:122)
	at org.gradle.launcher.daemon.server.exec.DaemonCommandExecuter.executeCommand(DaemonCommandExecuter.java:48)
	at org.gradle.launcher.daemon.server.DefaultIncomingConnectionHandler$ConnectionWorker.handleCommand(DefaultIncomingConnectionHandler.java:160)
	at org.gradle.launcher.daemon.server.DefaultIncomingConnectionHandler$ConnectionWorker.receiveAndHandleCommand(DefaultIncomingConnectionHandler.java:133)
	at org.gradle.launcher.daemon.server.DefaultIncomingConnectionHandler$ConnectionWorker.run(DefaultIncomingConnectionHandler.java:121)
	at org.gradle.internal.concurrent.ExecutorPolicy$CatchAndRecordFailures.onExecute(ExecutorPolicy.java:63)
	at org.gradle.internal.concurrent.ManagedExecutorImpl$1.run(ManagedExecutorImpl.java:46)
	at java.util.concurrent.ThreadPoolExecutor.runWorker(ThreadPoolExecutor.java:1142)
	at java.util.concurrent.ThreadPoolExecutor$Worker.run(ThreadPoolExecutor.java:617)
	at org.gradle.internal.concurrent.ThreadFactoryImpl$ManagedThreadRunnable.run(ThreadFactoryImpl.java:55)
	at java.lang.Thread.run(Thread.java:745)
Caused by: com.esotericsoftware.kryo.KryoException: java.io.IOException: An existing connection was forcibly closed by the remote host
	at com.esotericsoftware.kryo.io.Output.flush(Output.java:156)
	at com.esotericsoftware.kryo.io.Output.require(Output.java:134)
	at com.esotericsoftware.kryo.io.Output.writeBytes(Output.java:219)
	at org.gradle.internal.serialize.kryo.KryoBackedEncoder.writeBytes(KryoBackedEncoder.java:43)
	at org.gradle.internal.serialize.AbstractEncoder$EncoderStream.write(AbstractEncoder.java:71)
	at java.io.ObjectOutputStream$BlockDataOutputStream.drain(ObjectOutputStream.java:1877)
	at java.io.ObjectOutputStream$BlockDataOutputStream.flush(ObjectOutputStream.java:1822)
	at java.io.ObjectOutputStream.flush(ObjectOutputStream.java:719)
	at org.gradle.internal.serialize.Message.send(Message.java:40)
	at org.gradle.internal.serialize.BaseSerializerFactory$ThrowableSerializer.write(BaseSerializerFactory.java:244)
	at org.gradle.internal.serialize.BaseSerializerFactory$ThrowableSerializer.write(BaseSerializerFactory.java:238)
	at org.gradle.launcher.daemon.protocol.DaemonMessageSerializer$FailureSerializer.write(DaemonMessageSerializer.java:87)
	at org.gradle.launcher.daemon.protocol.DaemonMessageSerializer$FailureSerializer.write(DaemonMessageSerializer.java:78)
	at org.gradle.internal.serialize.DefaultSerializerRegistry$TaggedTypeSerializer.write(DefaultSerializerRegistry.java:150)
	at org.gradle.internal.serialize.Serializers$StatefulSerializerAdapter$2.write(Serializers.java:46)
	at org.gradle.internal.remote.internal.inet.SocketConnection.dispatch(SocketConnection.java:116)
	... 23 more
Caused by: java.io.IOException: An existing connection was forcibly closed by the remote host
	at sun.nio.ch.SocketDispatcher.write0(Native Method)
	at sun.nio.ch.SocketDispatcher.write(SocketDispatcher.java:51)
	at sun.nio.ch.IOUtil.writeFromNativeBuffer(IOUtil.java:93)
	at sun.nio.ch.IOUtil.write(IOUtil.java:51)
	at sun.nio.ch.SocketChannelImpl.write(SocketChannelImpl.java:471)
	at org.gradle.internal.remote.internal.inet.SocketConnection$SocketOutputStream.writeWithNonBlockingRetry(SocketConnection.java:272)
	at org.gradle.internal.remote.internal.inet.SocketConnection$SocketOutputStream.writeBufferToChannel(SocketConnection.java:260)
	at org.gradle.internal.remote.internal.inet.SocketConnection$SocketOutputStream.write(SocketConnection.java:246)
	at com.esotericsoftware.kryo.io.Output.flush(Output.java:154)
	... 38 more

FAILURE: Build failed with an exception.

* What went wrong:
Services for Gradle user home directory 'C:\Users\Douglas Schmidt\.gradle' have not been released.

* Try:
Run with --stacktrace option to get the stack trace. Run with --info or --debug option to get more log output. Run with --scan to get full insights.

* Get more help at https://help.gradle.org
GRADER: Test run completed exception: org.gradle.process.internal.ExecException: Process 'command 'C:\Program Files\Java\jdk1.8.0_121\bin\java.exe'' finished with non-zero exit value 1
GRADER: Feedback file D:\Users\Douglas Schmidt\Dropbox\POSA\CS891\Assignment4\AUTOGRADER_SUBMISSION\staging\unit-test-results\feedback.txt not available.
GRADER: Unit tests have completed.


GRADER: Checking integrity of runUnitTests test results ...
GRADER: 
A fatal exception occurred: File D:\Users\Douglas Schmidt\Dropbox\POSA\CS891\Assignment4\AUTOGRADER_SUBMISSION\staging\unit-test-results\feedback.txt not found

java.io.FileNotFoundException: File D:\Users\Douglas Schmidt\Dropbox\POSA\CS891\Assignment4\AUTOGRADER_SUBMISSION\staging\unit-test-results\feedback.txt not found
	at sun.reflect.NativeConstructorAccessorImpl.newInstance0(Native Method)
	at sun.reflect.NativeConstructorAccessorImpl.newInstance(NativeConstructorAccessorImpl.java:62)
	at sun.reflect.DelegatingConstructorAccessorImpl.newInstance(DelegatingConstructorAccessorImpl.java:45)
	at java.lang.reflect.Constructor.newInstance(Constructor.java:423)
	at org.codehaus.groovy.reflection.CachedConstructor.invoke(CachedConstructor.java:83)
	at org.codehaus.groovy.reflection.CachedConstructor.doConstructorInvoke(CachedConstructor.java:77)
	at org.codehaus.groovy.runtime.callsite.ConstructorSite$ConstructorSiteNoUnwrap.callConstructor(ConstructorSite.java:84)
	at org.codehaus.groovy.runtime.callsite.AbstractCallSite.callConstructor(AbstractCallSite.java:247)
	at edu.vanderbilt.grader.plugin.BaseTestTask.validateResults(BaseTestTask.groovy:326)
	at edu.vanderbilt.grader.plugin.BaseTestTask$validateResults$1.callCurrent(Unknown Source)
	at org.codehaus.groovy.runtime.callsite.CallSiteArray.defaultCallCurrent(CallSiteArray.java:52)
	at org.codehaus.groovy.runtime.callsite.AbstractCallSite.callCurrent(AbstractCallSite.java:154)
	at org.codehaus.groovy.runtime.callsite.AbstractCallSite.callCurrent(AbstractCallSite.java:166)
	at edu.vanderbilt.grader.plugin.BaseTestTask.taskAction(BaseTestTask.groovy:149)
	at sun.reflect.NativeMethodAccessorImpl.invoke0(Native Method)
	at sun.reflect.NativeMethodAccessorImpl.invoke(NativeMethodAccessorImpl.java:62)
	at sun.reflect.DelegatingMethodAccessorImpl.invoke(DelegatingMethodAccessorImpl.java:43)
	at java.lang.reflect.Method.invoke(Method.java:498)
	at org.gradle.internal.reflect.JavaMethod.invoke(JavaMethod.java:73)
	at org.gradle.api.internal.project.taskfactory.StandardTaskAction.doExecute(StandardTaskAction.java:46)
	at org.gradle.api.internal.project.taskfactory.StandardTaskAction.execute(StandardTaskAction.java:39)
	at org.gradle.api.internal.project.taskfactory.StandardTaskAction.execute(StandardTaskAction.java:26)
	at org.gradle.api.internal.AbstractTask$TaskActionWrapper.execute(AbstractTask.java:788)
	at org.gradle.api.internal.AbstractTask$TaskActionWrapper.execute(AbstractTask.java:755)
	at org.gradle.api.internal.tasks.execution.ExecuteActionsTaskExecuter$1.run(ExecuteActionsTaskExecuter.java:124)
	at org.gradle.internal.progress.DefaultBuildOperationExecutor$RunnableBuildOperationWorker.execute(DefaultBuildOperationExecutor.java:336)
	at org.gradle.internal.progress.DefaultBuildOperationExecutor$RunnableBuildOperationWorker.execute(DefaultBuildOperationExecutor.java:328)
	at org.gradle.internal.progress.DefaultBuildOperationExecutor.execute(DefaultBuildOperationExecutor.java:199)
	at org.gradle.internal.progress.DefaultBuildOperationExecutor.run(DefaultBuildOperationExecutor.java:110)
	at org.gradle.api.internal.tasks.execution.ExecuteActionsTaskExecuter.executeAction(ExecuteActionsTaskExecuter.java:113)
	at org.gradle.api.internal.tasks.execution.ExecuteActionsTaskExecuter.executeActions(ExecuteActionsTaskExecuter.java:95)
	at org.gradle.api.internal.tasks.execution.ExecuteActionsTaskExecuter.execute(ExecuteActionsTaskExecuter.java:73)
	at org.gradle.api.internal.tasks.execution.OutputDirectoryCreatingTaskExecuter.execute(OutputDirectoryCreatingTaskExecuter.java:51)
	at org.gradle.api.internal.tasks.execution.SkipUpToDateTaskExecuter.execute(SkipUpToDateTaskExecuter.java:59)
	at org.gradle.api.internal.tasks.execution.ResolveTaskOutputCachingStateExecuter.execute(ResolveTaskOutputCachingStateExecuter.java:54)
	at org.gradle.api.internal.tasks.execution.ValidatingTaskExecuter.execute(ValidatingTaskExecuter.java:59)
	at org.gradle.api.internal.tasks.execution.SkipEmptySourceFilesTaskExecuter.execute(SkipEmptySourceFilesTaskExecuter.java:101)
	at org.gradle.api.internal.tasks.execution.FinalizeInputFilePropertiesTaskExecuter.execute(FinalizeInputFilePropertiesTaskExecuter.java:44)
	at org.gradle.api.internal.tasks.execution.CleanupStaleOutputsExecuter.execute(CleanupStaleOutputsExecuter.java:88)
	at org.gradle.api.internal.tasks.execution.ResolveTaskArtifactStateTaskExecuter.execute(ResolveTaskArtifactStateTaskExecuter.java:62)
	at org.gradle.api.internal.tasks.execution.SkipTaskWithNoActionsExecuter.execute(SkipTaskWithNoActionsExecuter.java:52)
	at org.gradle.api.internal.tasks.execution.SkipOnlyIfTaskExecuter.execute(SkipOnlyIfTaskExecuter.java:54)
	at org.gradle.api.internal.tasks.execution.ExecuteAtMostOnceTaskExecuter.execute(ExecuteAtMostOnceTaskExecuter.java:43)
	at org.gradle.api.internal.tasks.execution.CatchExceptionTaskExecuter.execute(CatchExceptionTaskExecuter.java:34)
	at org.gradle.execution.taskgraph.DefaultTaskGraphExecuter$EventFiringTaskWorker$1.run(DefaultTaskGraphExecuter.java:248)
	at org.gradle.internal.progress.DefaultBuildOperationExecutor$RunnableBuildOperationWorker.execute(DefaultBuildOperationExecutor.java:336)
	at org.gradle.internal.progress.DefaultBuildOperationExecutor$RunnableBuildOperationWorker.execute(DefaultBuildOperationExecutor.java:328)
	at org.gradle.internal.progress.DefaultBuildOperationExecutor.execute(DefaultBuildOperationExecutor.java:199)
	at org.gradle.internal.progress.DefaultBuildOperationExecutor.run(DefaultBuildOperationExecutor.java:110)
	at org.gradle.execution.taskgraph.DefaultTaskGraphExecuter$EventFiringTaskWorker.execute(DefaultTaskGraphExecuter.java:241)
	at org.gradle.execution.taskgraph.DefaultTaskGraphExecuter$EventFiringTaskWorker.execute(DefaultTaskGraphExecuter.java:230)
	at org.gradle.execution.taskgraph.DefaultTaskPlanExecutor$TaskExecutorWorker.processTask(DefaultTaskPlanExecutor.java:123)
	at org.gradle.execution.taskgraph.DefaultTaskPlanExecutor$TaskExecutorWorker.access$200(DefaultTaskPlanExecutor.java:79)
	at org.gradle.execution.taskgraph.DefaultTaskPlanExecutor$TaskExecutorWorker$1.execute(DefaultTaskPlanExecutor.java:104)
	at org.gradle.execution.taskgraph.DefaultTaskPlanExecutor$TaskExecutorWorker$1.execute(DefaultTaskPlanExecutor.java:98)
	at org.gradle.execution.taskgraph.DefaultTaskExecutionPlan.execute(DefaultTaskExecutionPlan.java:623)
	at org.gradle.execution.taskgraph.DefaultTaskExecutionPlan.executeWithTask(DefaultTaskExecutionPlan.java:578)
	at org.gradle.execution.taskgraph.DefaultTaskPlanExecutor$TaskExecutorWorker.run(DefaultTaskPlanExecutor.java:98)
	at org.gradle.internal.concurrent.ExecutorPolicy$CatchAndRecordFailures.onExecute(ExecutorPolicy.java:63)
	at org.gradle.internal.concurrent.ManagedExecutorImpl$1.run(ManagedExecutorImpl.java:46)
	at java.util.concurrent.ThreadPoolExecutor.runWorker(ThreadPoolExecutor.java:1142)
	at java.util.concurrent.ThreadPoolExecutor$Worker.run(ThreadPoolExecutor.java:617)
	at org.gradle.internal.concurrent.ThreadFactoryImpl$ManagedThreadRunnable.run(ThreadFactoryImpl.java:55)
	at java.lang.Thread.run(Thread.java:745)


